---- AspectJ Properties ---
AspectJ Compiler 1.9.9.1 built on Thursday Mar 31, 2022 at 05:00:07 PDT
---- Dump Properties ---
Dump file: ajcore.20240324.000016.962.txt
Dump reason: org.aspectj.weaver.BCException
Dump on exception: true
Dump at exit condition: abort
---- Exception Information ---
org.aspectj.weaver.BCException: Unable to find ASM classes (org.objectweb.asm.ClassReader, org.objectweb.asm.ClassVisitor) for stackmap generation. Stackmap generation for woven code is required to avoid verify errors on a Java 1.7 or higher runtime.
when weaving type io.qameta.allure.aspects.AttachmentsAspects
when weaving aspects 
when weaving 

	at org.aspectj.weaver.bcel.LazyClassGen.getJavaClassBytesIncludingReweavable(LazyClassGen.java:756)
	at org.aspectj.weaver.bcel.BcelWeaver.getClassFilesFor(BcelWeaver.java:1459)
	at org.aspectj.weaver.bcel.BcelWeaver.weaveAndNotify(BcelWeaver.java:1421)
	at org.aspectj.weaver.bcel.BcelWeaver.weave(BcelWeaver.java:1161)
	at org.aspectj.weaver.tools.WeavingAdaptor.getWovenBytes(WeavingAdaptor.java:549)
	at org.aspectj.weaver.tools.WeavingAdaptor.weaveClass(WeavingAdaptor.java:385)
	at org.aspectj.weaver.loadtime.Aj.preProcess(Aj.java:115)
	at org.aspectj.weaver.loadtime.ClassPreProcessorAgentAdapter.transform(ClassPreProcessorAgentAdapter.java:51)
	at java.instrument/java.lang.instrument.ClassFileTransformer.transform(ClassFileTransformer.java:244)
	at java.instrument/sun.instrument.TransformerManager.transform(TransformerManager.java:188)
	at java.instrument/sun.instrument.InstrumentationImpl.transform(InstrumentationImpl.java:610)
	at java.base/java.lang.ClassLoader.defineClass1(Native Method)
	at java.base/java.lang.ClassLoader.defineClass(ClassLoader.java:1027)
	at java.base/java.security.SecureClassLoader.defineClass(SecureClassLoader.java:150)
	at java.base/jdk.internal.loader.BuiltinClassLoader.defineClass(BuiltinClassLoader.java:862)
	at java.base/jdk.internal.loader.BuiltinClassLoader.findClassOnClassPathOrNull(BuiltinClassLoader.java:760)
	at java.base/jdk.internal.loader.BuiltinClassLoader.loadClassOrNull(BuiltinClassLoader.java:681)
	at java.base/jdk.internal.loader.BuiltinClassLoader.loadClass(BuiltinClassLoader.java:639)
	at java.base/jdk.internal.loader.ClassLoaders$AppClassLoader.loadClass(ClassLoaders.java:188)
	at java.base/java.lang.ClassLoader.loadClass(ClassLoader.java:526)
	at helpers.Attach.screenshotAs(Attach.java:19)
	at tests.RegistrationPageWithTestData.addAttachments(RegistrationPageWithTestData.java:34)
	at java.base/jdk.internal.reflect.DirectMethodHandleAccessor.invoke(DirectMethodHandleAccessor.java:103)
	at java.base/java.lang.reflect.Method.invoke(Method.java:580)
	at org.junit.platform.commons.util.ReflectionUtils.invokeMethod(ReflectionUtils.java:728)
	at org.junit.jupiter.engine.execution.MethodInvocation.proceed(MethodInvocation.java:60)
	at org.junit.jupiter.engine.execution.InvocationInterceptorChain$ValidatingInvocation.proceed(InvocationInterceptorChain.java:131)
	at io.qameta.allure.junit5.AllureJunit5.processFixture(AllureJunit5.java:138)
	at io.qameta.allure.junit5.AllureJunit5.interceptAfterEachMethod(AllureJunit5.java:124)
	at org.junit.jupiter.engine.execution.InterceptingExecutableInvoker$ReflectiveInterceptorCall.lambda$ofVoidMethod$0(InterceptingExecutableInvoker.java:103)
	at org.junit.jupiter.engine.execution.InterceptingExecutableInvoker.lambda$invoke$0(InterceptingExecutableInvoker.java:93)
	at org.junit.jupiter.engine.execution.InvocationInterceptorChain$InterceptedInvocation.proceed(InvocationInterceptorChain.java:106)
	at org.junit.jupiter.engine.extension.TimeoutExtension.intercept(TimeoutExtension.java:156)
	at org.junit.jupiter.engine.extension.TimeoutExtension.interceptLifecycleMethod(TimeoutExtension.java:128)
	at org.junit.jupiter.engine.extension.TimeoutExtension.interceptAfterEachMethod(TimeoutExtension.java:110)
	at org.junit.jupiter.engine.execution.InterceptingExecutableInvoker$ReflectiveInterceptorCall.lambda$ofVoidMethod$0(InterceptingExecutableInvoker.java:103)
	at org.junit.jupiter.engine.execution.InterceptingExecutableInvoker.lambda$invoke$0(InterceptingExecutableInvoker.java:93)
	at org.junit.jupiter.engine.execution.InvocationInterceptorChain$InterceptedInvocation.proceed(InvocationInterceptorChain.java:106)
	at org.junit.jupiter.engine.execution.InvocationInterceptorChain.proceed(InvocationInterceptorChain.java:64)
	at org.junit.jupiter.engine.execution.InvocationInterceptorChain.chainAndInvoke(InvocationInterceptorChain.java:45)
	at org.junit.jupiter.engine.execution.InvocationInterceptorChain.invoke(InvocationInterceptorChain.java:37)
	at org.junit.jupiter.engine.execution.InterceptingExecutableInvoker.invoke(InterceptingExecutableInvoker.java:92)
	at org.junit.jupiter.engine.execution.InterceptingExecutableInvoker.invoke(InterceptingExecutableInvoker.java:86)
	at org.junit.jupiter.engine.descriptor.ClassBasedTestDescriptor.invokeMethodInExtensionContext(ClassBasedTestDescriptor.java:521)
	at org.junit.jupiter.engine.descriptor.ClassBasedTestDescriptor.lambda$synthesizeAfterEachMethodAdapter$24(ClassBasedTestDescriptor.java:511)
	at org.junit.jupiter.engine.descriptor.TestMethodTestDescriptor.lambda$invokeAfterEachMethods$10(TestMethodTestDescriptor.java:244)
	at org.junit.jupiter.engine.descriptor.TestMethodTestDescriptor.lambda$invokeAllAfterMethodsOrCallbacks$13(TestMethodTestDescriptor.java:277)
	at org.junit.platform.engine.support.hierarchical.ThrowableCollector.execute(ThrowableCollector.java:73)
	at org.junit.jupiter.engine.descriptor.TestMethodTestDescriptor.lambda$invokeAllAfterMethodsOrCallbacks$14(TestMethodTestDescriptor.java:277)
	at org.junit.platform.commons.util.CollectionUtils.forEachInReverseOrder(CollectionUtils.java:217)
	at org.junit.jupiter.engine.descriptor.TestMethodTestDescriptor.invokeAllAfterMethodsOrCallbacks(TestMethodTestDescriptor.java:276)
	at org.junit.jupiter.engine.descriptor.TestMethodTestDescriptor.invokeAfterEachMethods(TestMethodTestDescriptor.java:242)
	at org.junit.jupiter.engine.descriptor.TestMethodTestDescriptor.execute(TestMethodTestDescriptor.java:143)
	at org.junit.jupiter.engine.descriptor.TestMethodTestDescriptor.execute(TestMethodTestDescriptor.java:69)
	at org.junit.platform.engine.support.hierarchical.NodeTestTask.lambda$executeRecursively$6(NodeTestTask.java:151)
	at org.junit.platform.engine.support.hierarchical.ThrowableCollector.execute(ThrowableCollector.java:73)
	at org.junit.platform.engine.support.hierarchical.NodeTestTask.lambda$executeRecursively$8(NodeTestTask.java:141)
	at org.junit.platform.engine.support.hierarchical.Node.around(Node.java:137)
	at org.junit.platform.engine.support.hierarchical.NodeTestTask.lambda$executeRecursively$9(NodeTestTask.java:139)
	at org.junit.platform.engine.support.hierarchical.ThrowableCollector.execute(ThrowableCollector.java:73)
	at org.junit.platform.engine.support.hierarchical.NodeTestTask.executeRecursively(NodeTestTask.java:138)
	at org.junit.platform.engine.support.hierarchical.NodeTestTask.execute(NodeTestTask.java:95)
	at java.base/java.util.ArrayList.forEach(ArrayList.java:1596)
	at org.junit.platform.engine.support.hierarchical.SameThreadHierarchicalTestExecutorService.invokeAll(SameThreadHierarchicalTestExecutorService.java:41)
	at org.junit.platform.engine.support.hierarchical.NodeTestTask.lambda$executeRecursively$6(NodeTestTask.java:155)
	at org.junit.platform.engine.support.hierarchical.ThrowableCollector.execute(ThrowableCollector.java:73)
	at org.junit.platform.engine.support.hierarchical.NodeTestTask.lambda$executeRecursively$8(NodeTestTask.java:141)
	at org.junit.platform.engine.support.hierarchical.Node.around(Node.java:137)
	at org.junit.platform.engine.support.hierarchical.NodeTestTask.lambda$executeRecursively$9(NodeTestTask.java:139)
	at org.junit.platform.engine.support.hierarchical.ThrowableCollector.execute(ThrowableCollector.java:73)
	at org.junit.platform.engine.support.hierarchical.NodeTestTask.executeRecursively(NodeTestTask.java:138)
	at org.junit.platform.engine.support.hierarchical.NodeTestTask.execute(NodeTestTask.java:95)
	at java.base/java.util.ArrayList.forEach(ArrayList.java:1596)
	at org.junit.platform.engine.support.hierarchical.SameThreadHierarchicalTestExecutorService.invokeAll(SameThreadHierarchicalTestExecutorService.java:41)
	at org.junit.platform.engine.support.hierarchical.NodeTestTask.lambda$executeRecursively$6(NodeTestTask.java:155)
	at org.junit.platform.engine.support.hierarchical.ThrowableCollector.execute(ThrowableCollector.java:73)
	at org.junit.platform.engine.support.hierarchical.NodeTestTask.lambda$executeRecursively$8(NodeTestTask.java:141)
	at org.junit.platform.engine.support.hierarchical.Node.around(Node.java:137)
	at org.junit.platform.engine.support.hierarchical.NodeTestTask.lambda$executeRecursively$9(NodeTestTask.java:139)
	at org.junit.platform.engine.support.hierarchical.ThrowableCollector.execute(ThrowableCollector.java:73)
	at org.junit.platform.engine.support.hierarchical.NodeTestTask.executeRecursively(NodeTestTask.java:138)
	at org.junit.platform.engine.support.hierarchical.NodeTestTask.execute(NodeTestTask.java:95)
	at org.junit.platform.engine.support.hierarchical.SameThreadHierarchicalTestExecutorService.submit(SameThreadHierarchicalTestExecutorService.java:35)
	at org.junit.platform.engine.support.hierarchical.HierarchicalTestExecutor.execute(HierarchicalTestExecutor.java:57)
	at org.junit.platform.engine.support.hierarchical.HierarchicalTestEngine.execute(HierarchicalTestEngine.java:54)
	at org.junit.platform.launcher.core.EngineExecutionOrchestrator.execute(EngineExecutionOrchestrator.java:198)
	at org.junit.platform.launcher.core.EngineExecutionOrchestrator.execute(EngineExecutionOrchestrator.java:169)
	at org.junit.platform.launcher.core.EngineExecutionOrchestrator.execute(EngineExecutionOrchestrator.java:93)
	at org.junit.platform.launcher.core.EngineExecutionOrchestrator.lambda$execute$0(EngineExecutionOrchestrator.java:58)
	at org.junit.platform.launcher.core.EngineExecutionOrchestrator.withInterceptedStreams(EngineExecutionOrchestrator.java:141)
	at org.junit.platform.launcher.core.EngineExecutionOrchestrator.execute(EngineExecutionOrchestrator.java:57)
	at org.junit.platform.launcher.core.DefaultLauncher.execute(DefaultLauncher.java:103)
	at org.junit.platform.launcher.core.DefaultLauncher.execute(DefaultLauncher.java:85)
	at org.junit.platform.launcher.core.DelegatingLauncher.execute(DelegatingLauncher.java:47)
	at org.gradle.api.internal.tasks.testing.junitplatform.JUnitPlatformTestClassProcessor$CollectAllTestClassesExecutor.processAllTestClasses(JUnitPlatformTestClassProcessor.java:119)
	at org.gradle.api.internal.tasks.testing.junitplatform.JUnitPlatformTestClassProcessor$CollectAllTestClassesExecutor.access$000(JUnitPlatformTestClassProcessor.java:94)
	at org.gradle.api.internal.tasks.testing.junitplatform.JUnitPlatformTestClassProcessor.stop(JUnitPlatformTestClassProcessor.java:89)
	at org.gradle.api.internal.tasks.testing.SuiteTestClassProcessor.stop(SuiteTestClassProcessor.java:62)
	at java.base/jdk.internal.reflect.DirectMethodHandleAccessor.invoke(DirectMethodHandleAccessor.java:103)
	at java.base/java.lang.reflect.Method.invoke(Method.java:580)
	at org.gradle.internal.dispatch.ReflectionDispatch.dispatch(ReflectionDispatch.java:36)
	at org.gradle.internal.dispatch.ReflectionDispatch.dispatch(ReflectionDispatch.java:24)
	at org.gradle.internal.dispatch.ContextClassLoaderDispatch.dispatch(ContextClassLoaderDispatch.java:33)
	at org.gradle.internal.dispatch.ProxyDispatchAdapter$DispatchingInvocationHandler.invoke(ProxyDispatchAdapter.java:94)
	at jdk.proxy1/jdk.proxy1.$Proxy2.stop(Unknown Source)
	at org.gradle.api.internal.tasks.testing.worker.TestWorker$3.run(TestWorker.java:193)
	at org.gradle.api.internal.tasks.testing.worker.TestWorker.executeAndMaintainThreadName(TestWorker.java:129)
	at org.gradle.api.internal.tasks.testing.worker.TestWorker.execute(TestWorker.java:100)
	at org.gradle.api.internal.tasks.testing.worker.TestWorker.execute(TestWorker.java:60)
	at org.gradle.process.internal.worker.child.ActionExecutionWorker.execute(ActionExecutionWorker.java:56)
	at org.gradle.process.internal.worker.child.SystemApplicationClassLoaderWorker.call(SystemApplicationClassLoaderWorker.java:113)
	at org.gradle.process.internal.worker.child.SystemApplicationClassLoaderWorker.call(SystemApplicationClassLoaderWorker.java:65)
	at worker.org.gradle.process.internal.worker.GradleWorkerMain.run(GradleWorkerMain.java:69)
	at worker.org.gradle.process.internal.worker.GradleWorkerMain.main(GradleWorkerMain.java:74)
Caused by: java.lang.IllegalArgumentException: Unsupported class file major version 65
java.lang.IllegalArgumentException: Unsupported class file major version 65
	at aj.org.objectweb.asm.ClassReader.<init>(ClassReader.java:199)
	at aj.org.objectweb.asm.ClassReader.<init>(ClassReader.java:180)
	at aj.org.objectweb.asm.ClassReader.<init>(ClassReader.java:166)
	at org.aspectj.weaver.bcel.asm.StackMapAdder.addStackMaps(StackMapAdder.java:42)
	at org.aspectj.weaver.bcel.LazyClassGen.getJavaClassBytesIncludingReweavable(LazyClassGen.java:762)
	at org.aspectj.weaver.bcel.BcelWeaver.getClassFilesFor(BcelWeaver.java:1459)
	at org.aspectj.weaver.bcel.BcelWeaver.weaveAndNotify(BcelWeaver.java:1421)
	at org.aspectj.weaver.bcel.BcelWeaver.weave(BcelWeaver.java:1192)
	at org.aspectj.weaver.tools.WeavingAdaptor.getWovenBytes(WeavingAdaptor.java:549)
	at org.aspectj.weaver.tools.WeavingAdaptor.weaveClass(WeavingAdaptor.java:385)
	at org.aspectj.weaver.loadtime.Aj.preProcess(Aj.java:115)
	at org.aspectj.weaver.loadtime.ClassPreProcessorAgentAdapter.transform(ClassPreProcessorAgentAdapter.java:51)
	at java.instrument/java.lang.instrument.ClassFileTransformer.transform(ClassFileTransformer.java:244)
	at java.instrument/sun.instrument.TransformerManager.transform(TransformerManager.java:188)
	at java.instrument/sun.instrument.InstrumentationImpl.transform(InstrumentationImpl.java:610)
	at java.base/java.lang.ClassLoader.defineClass1(Native Method)
	at java.base/java.lang.ClassLoader.defineClass(ClassLoader.java:1027)
	at java.base/java.security.SecureClassLoader.defineClass(SecureClassLoader.java:150)
	at java.base/jdk.internal.loader.BuiltinClassLoader.defineClass(BuiltinClassLoader.java:862)
	at java.base/jdk.internal.loader.BuiltinClassLoader.findClassOnClassPathOrNull(BuiltinClassLoader.java:760)
	at java.base/jdk.internal.loader.BuiltinClassLoader.loadClassOrNull(BuiltinClassLoader.java:681)
	at java.base/jdk.internal.loader.BuiltinClassLoader.loadClass(BuiltinClassLoader.java:639)
	at java.base/jdk.internal.loader.ClassLoaders$AppClassLoader.loadClass(ClassLoaders.java:188)
	at java.base/java.lang.ClassLoader.loadClass(ClassLoader.java:526)
	at tests.RegistrationPageWithTestData.addAttachments(RegistrationPageWithTestData.java:34)
	at java.base/jdk.internal.reflect.DirectMethodHandleAccessor.invoke(DirectMethodHandleAccessor.java:103)
	at java.base/java.lang.reflect.Method.invoke(Method.java:580)
	at org.junit.platform.commons.util.ReflectionUtils.invokeMethod(ReflectionUtils.java:728)
	at org.junit.jupiter.engine.execution.MethodInvocation.proceed(MethodInvocation.java:60)
	at org.junit.jupiter.engine.execution.InvocationInterceptorChain$ValidatingInvocation.proceed(InvocationInterceptorChain.java:131)
	at io.qameta.allure.junit5.AllureJunit5.processFixture(AllureJunit5.java:138)
	at io.qameta.allure.junit5.AllureJunit5.interceptAfterEachMethod(AllureJunit5.java:124)
	at org.junit.jupiter.engine.execution.InterceptingExecutableInvoker$ReflectiveInterceptorCall.lambda$ofVoidMethod$0(InterceptingExecutableInvoker.java:103)
	at org.junit.jupiter.engine.execution.InterceptingExecutableInvoker.lambda$invoke$0(InterceptingExecutableInvoker.java:93)
	at org.junit.jupiter.engine.execution.InvocationInterceptorChain$InterceptedInvocation.proceed(InvocationInterceptorChain.java:106)
	at org.junit.jupiter.engine.extension.TimeoutExtension.intercept(TimeoutExtension.java:156)
	at org.junit.jupiter.engine.extension.TimeoutExtension.interceptLifecycleMethod(TimeoutExtension.java:128)
	at org.junit.jupiter.engine.extension.TimeoutExtension.interceptAfterEachMethod(TimeoutExtension.java:110)
	at org.junit.jupiter.engine.execution.InterceptingExecutableInvoker$ReflectiveInterceptorCall.lambda$ofVoidMethod$0(InterceptingExecutableInvoker.java:103)
	at org.junit.jupiter.engine.execution.InterceptingExecutableInvoker.lambda$invoke$0(InterceptingExecutableInvoker.java:93)
	at org.junit.jupiter.engine.execution.InvocationInterceptorChain$InterceptedInvocation.proceed(InvocationInterceptorCh---- System Properties ---
java.specification.version=21
sun.jnu.encoding=UTF-8
org.gradle.test.worker=11
java.class.path=/Users/user/.gradle/caches/8.5/workerMain/gradle-worker.jar:/Users/user/IdeaProjects/Jenkins_qaGuru/build/classes/java/test:/Users/user/IdeaProjects/Jenkins_qaGuru/build/resources/test:/Users/user/IdeaProjects/Jenkins_qaGuru/build/classes/java/main:/Users/user/.gradle/caches/modules-2/files-2.1/com.codeborne/selenide/7.0.2/d50c6683661b9c8d820ca16e2471fd260453948c/selenide-7.0.2.jar:/Users/user/.gradle/caches/modules-2/files-2.1/io.qameta.allure/allure-selenide/2.21.0/f23424588e32c6f80df72320130bea287061caef/allure-selenide-2.21.0.jar:/Users/user/.gradle/caches/modules-2/files-2.1/org.junit.jupiter/junit-jupiter-params/5.10.0/9041c7365495a897a64782ea5a6fdb99dab1814e/junit-jupiter-params-5.10.0.jar:/Users/user/.gradle/caches/modules-2/files-2.1/org.junit.jupiter/junit-jupiter-engine/5.10.0/90587932d718fc51a48112d33045a18476c542ad/junit-jupiter-engine-5.10.0.jar:/Users/user/.gradle/caches/modules-2/files-2.1/io.qameta.allure/allure-junit5/2.21.0/4754a9d66accee4c27109c2abf4f5411f4b1d167/allure-junit5-2.21.0.jar:/Users/user/.gradle/caches/modules-2/files-2.1/io.qameta.allure/allure-junit-platform/2.21.0/92847d9a4a0814334ee2ebdf4b3fc19b2e0ae256/allure-junit-platform-2.21.0.jar:/Users/user/.gradle/caches/modules-2/files-2.1/org.junit.jupiter/junit-jupiter-api/5.10.0/2fe4ba3d31d5067878e468c96aa039005a9134d3/junit-jupiter-api-5.10.0.jar:/Users/user/.gradle/caches/modules-2/files-2.1/org.junit.platform/junit-platform-launcher/1.10.0/89a1922534ed102be1fb2a8c0b2c6151297a12bf/junit-platform-launcher-1.10.0.jar:/Users/user/.gradle/caches/modules-2/files-2.1/org.junit.platform/junit-platform-engine/1.10.0/276c4edcf64fabb5a139fa7b4f99330d7a93b804/junit-platform-engine-1.10.0.jar:/Users/user/.gradle/caches/modules-2/files-2.1/org.junit.platform/junit-platform-commons/1.10.0/d533ff2c286eaf963566f92baf5f8a06628d2609/junit-platform-commons-1.10.0.jar:/Users/user/.gradle/caches/modules-2/files-2.1/org.junit.jupiter/junit-jupiter/5.10.0/8fea1d9c58b2156f1b998f2f18da04bc9e087f74/junit-jupiter-5.10.0.jar:/Users/user/.gradle/caches/modules-2/files-2.1/org.slf4j/slf4j-simple/2.0.7/bfa4d4dad645a5b11c022ae0043bac2df6cf16b5/slf4j-simple-2.0.7.jar:/Users/user/.gradle/caches/modules-2/files-2.1/com.github.javafaker/javafaker/1.0.2/be0ff271b1208416822db4438864df47f90af92f/javafaker-1.0.2.jar:/Users/user/.gradle/caches/modules-2/files-2.1/com.codeborne/selenide-core/7.0.2/8ee5b0bd956f31b16dcb35e7995f3133041b1341/selenide-core-7.0.2.jar:/Users/user/.gradle/caches/modules-2/files-2.1/org.seleniumhq.selenium/selenium-java/4.15.0/18cef0adbc08d152da07b234a04f6e8240ce215f/selenium-java-4.15.0.jar:/Users/user/.gradle/caches/modules-2/files-2.1/org.seleniumhq.selenium/selenium-chrome-driver/4.15.0/da813844d9aef10cea497250c7cdf3169fb93302/selenium-chrome-driver-4.15.0.jar:/Users/user/.gradle/caches/modules-2/files-2.1/org.seleniumhq.selenium/selenium-devtools-v117/4.15.0/f7dd48dc09f25f3e05540edde5cac250a6b7e90f/selenium-devtools-v117-4.15.0.jar:/Users/user/.gradle/caches/modules-2/files-2.1/org.seleniumhq.selenium/selenium-devtools-v118/4.15.0/5f1114a500f9625437a4259e56fbdcd6f8ad56a7/selenium-devtools-v118-4.15.0.jar:/Users/user/.gradle/caches/modules-2/files-2.1/org.seleniumhq.selenium/selenium-devtools-v119/4.15.0/cb3a2f4285fbb6653d5c735fcb30fad022543906/selenium-devtools-v119-4.15.0.jar:/Users/user/.gradle/caches/modules-2/files-2.1/org.seleniumhq.selenium/selenium-firefox-driver/4.15.0/2bf6b0135ec6693ede01c0b50fc2edbe2c2c15c0/selenium-firefox-driver-4.15.0.jar:/Users/user/.gradle/caches/modules-2/files-2.1/org.seleniumhq.selenium/selenium-devtools-v85/4.15.0/2b8f4e092b072054d5da120d0c3e8284672e2331/selenium-devtools-v85-4.15.0.jar:/Users/user/.gradle/caches/modules-2/files-2.1/org.seleniumhq.selenium/selenium-edge-driver/4.15.0/79fcf990272f82f291c40db6c7bd6c8c2aca569f/selenium-edge-driver-4.15.0.jar:/Users/user/.gradle/caches/modules-2/files-2.1/org.seleniumhq.selenium/selenium-ie-driver/4.15.0/c1701fd6861b8f304c3dd257b78e71f6e8988cff/selenium-ie-driver-4.15.0.jar:/Users/user/.gradle/caches/modules-2/files-2.1/org.seleniumhq.selenium/selenium-safari-driver/4.15.0/85aa017358269a66c9a4e97164c1c908a7af2bbe/selenium-safari-driver-4.15.0.jar:/Users/user/.gradle/caches/modules-2/files-2.1/org.seleniumhq.selenium/selenium-support/4.15.0/23d98fd0b664e12e15b251bff5ac232c59658996/selenium-support-4.15.0.jar:/Users/user/.gradle/caches/modules-2/files-2.1/org.seleniumhq.selenium/selenium-chromium-driver/4.15.0/582674ef470d5d33a828982b116c948ab3a3d076/selenium-chromium-driver-4.15.0.jar:/Users/user/.gradle/caches/modules-2/files-2.1/org.seleniumhq.selenium/selenium-remote-driver/4.15.0/6df1fede9d54b41bc821ef25d95add098f761358/selenium-remote-driver-4.15.0.jar:/Users/user/.gradle/caches/modules-2/files-2.1/org.seleniumhq.selenium/selenium-http/4.15.0/1f1edac9bcc0b190f66f148932250f144985d12c/selenium-http-4.15.0.jar:/Users/user/.gradle/caches/modules-2/files-2.1/com.google.guava/guava/32.1.3-jre/f306708742ce2bf0fb0901216183bc14073feae/guava-32.1.3-jre.jar:/Users/user/.gradle/caches/modules-2/files-2.1/org.apache.commons/commons-lang3/3.13.0/b7263237aa89c1f99b327197c41d0669707a462e/commons-lang3-3.13.0.jar:/Users/user/.gradle/caches/modules-2/files-2.1/commons-io/commons-io/2.15.0/5c3c2db10f6f797430a7f9c696b4d1273768c924/commons-io-2.15.0.jar:/Users/user/.gradle/caches/modules-2/files-2.1/io.qameta.allure/allure-test-filter/2.21.0/b7bedd6f35ce4a14c1fece2426b66c3d47bd8f3e/allure-test-filter-2.21.0.jar:/Users/user/.gradle/caches/modules-2/files-2.1/io.qameta.allure/allure-java-commons/2.21.0/d996f5274afbf6f941c99ad40a7b86650588ddd2/allure-java-commons-2.21.0.jar:/Users/user/.gradle/caches/modules-2/files-2.1/org.apache.httpcomponents.client5/httpclient5/5.2.1/c900514d3446d9ce5d9dbd90c21192048125440/httpclient5-5.2.1.jar:/Users/user/.gradle/caches/modules-2/files-2.1/org.slf4j/slf4j-api/2.0.9/7cf2726fdcfbc8610f9a71fb3ed639871f315340/slf4j-api-2.0.9.jar:/Users/user/.gradle/caches/modules-2/files-2.1/org.yaml/snakeyaml/1.23/e8520d52edca3d8dc0f366cff520fb4498ec8a5f/snakeyaml-1.23-android.jar:/Users/user/.gradle/caches/modules-2/files-2.1/com.github.mifmif/generex/1.0.2/b378f873b4e8d7616c3d920e2132cb1c87679600/generex-1.0.2.jar:/Users/user/.gradle/caches/modules-2/files-2.1/com.google.guava/failureaccess/1.0.1/1dcf1de382a0bf95a3d8b0849546c88bac1292c9/failureaccess-1.0.1.jar:/Users/user/.gradle/caches/modules-2/files-2.1/com.google.guava/listenablefuture/9999.0-empty-to-avoid-conflict-with-guava/b421526c5f297295adef1c886e5246c39d4ac629/listenablefuture-9999.0-empty-to-avoid-conflict-with-guava.jar:/Users/user/.gradle/caches/modules-2/files-2.1/com.google.code.findbugs/jsr305/3.0.2/25ea2e8b0c338a877313bd4672d3fe056ea78f0d/jsr305-3.0.2.jar:/Users/user/.gradle/caches/modules-2/files-2.1/org.checkerframework/checker-qual/3.37.0/ba74746d38026581c12166e164bb3c15e90cc4ea/checker-qual-3.37.0.jar:/Users/user/.gradle/caches/modules-2/files-2.1/com.google.errorprone/error_prone_annotations/2.21.1/6d9b10773b5237df178a7b3c1b4208df7d0e7f94/error_prone_annotations-2.21.1.jar:/Users/user/.gradle/caches/modules-2/files-2.1/org.seleniumhq.selenium/selenium-manager/4.15.0/82ffe2f568e5d1b4c3089079d419a393c9702fd2/selenium-manager-4.15.0.jar:/Users/user/.gradle/caches/modules-2/files-2.1/org.seleniumhq.selenium/selenium-json/4.15.0/4eb0db429a378160fc0158d80bdec3a38e951d22/selenium-json-4.15.0.jar:/Users/user/.gradle/caches/modules-2/files-2.1/org.seleniumhq.selenium/selenium-os/4.15.0/2cc53549896b649da1b32060ea422f660f1e5ba0/selenium-os-4.15.0.jar:/Users/user/.gradle/caches/modules-2/files-2.1/org.seleniumhq.selenium/selenium-api/4.15.0/eb5740c028582b3308b5a2254d6ce3d5417a4b8b/selenium-api-4.15.0.jar:/Users/user/.gradle/caches/modules-2/files-2.1/org.opentest4j/opentest4j/1.3.0/152ea56b3a72f655d4fd677fc0ef2596c3dd5e6e/opentest4j-1.3.0.jar:/Users/user/.gradle/caches/modules-2/files-2.1/io.qameta.allure/allure-model/2.21.0/2ba1815eb0258a4eb6d01c19d1cf6d8b3657c06e/allure-model-2.21.0.jar:/Users/user/.gradle/caches/modules-2/files-2.1/dk.brics.automaton/automaton/1.11-8/6ebfa65eb431ff4b715a23be7a750cbc4cc96d0f/automaton-1.11-8.jar:/Users/user/.gradle/caches/modules-2/files-2.1/com.google.auto.service/auto-service-annotations/1.1.1/da12a15cd058ba90a0ff55357fb521161af4736d/auto-service-annotations-1.1.1.jar:/Users/user/.gradle/caches/modules-2/files-2.1/io.opentelemetry/opentelemetry-exporter-logging/1.28.0/e6721fd80fe703a9bbaf8fcdf269aa878a2fa963/opentelemetry-exporter-logging-1.28.0.jar:/Users/user/.gradle/caches/modules-2/files-2.1/io.opentelemetry/opentelemetry-sdk-extension-autoconfigure/1.28.0/6db66c77ca29a8d05227324a8392b736744bbe3f/opentelemetry-sdk-extension-autoconfigure-1.28.0.jar:/Users/user/.gradle/caches/modules-2/files-2.1/io.opentelemetry/opentelemetry-sdk-extension-autoconfigure-spi/1.28.0/582ce034be1262aac6d77b92ec2d6cf4884cee4d/opentelemetry-sdk-extension-autoconfigure-spi-1.28.0.jar:/Users/user/.gradle/caches/modules-2/files-2.1/io.opentelemetry/opentelemetry-sdk/1.28.0/a1ca3938a03e5bb0749dc92da91edf76f6ee3b7f/opentelemetry-sdk-1.28.0.jar:/Users/user/.gradle/caches/modules-2/files-2.1/io.opentelemetry/opentelemetry-sdk-trace/1.28.0/18797986d45940d873430023280211d6990680c/opentelemetry-sdk-trace-1.28.0.jar:/Users/user/.gradle/caches/modules-2/files-2.1/io.opentelemetry/opentelemetry-sdk-metrics/1.28.0/4d955fb6c2ec89b4f55d88d7aed4dd9c36809235/opentelemetry-sdk-metrics-1.28.0.jar:/Users/user/.gradle/caches/modules-2/files-2.1/io.opentelemetry/opentelemetry-sdk-logs/1.28.0/adcd0bc96bc77152a15b3b8890bd8a04dd0bf36b/opentelemetry-sdk-logs-1.28.0.jar:/Users/user/.gradle/caches/modules-2/files-2.1/io.opentelemetry/opentelemetry-sdk-common/1.28.0/b25e52ef6829bb41db3227d8fcc206009b018f40/opentelemetry-sdk-common-1.28.0.jar:/Users/user/.gradle/caches/modules-2/files-2.1/io.opentelemetry/opentelemetry-semconv/1.28.0-alpha/97336840db7cb0ef7e5d292f7cec5bdb385cc370/opentelemetry-semconv-1.28.0-alpha.jar:/Users/user/.gradle/caches/modules-2/files-2.1/io.opentelemetry/opentelemetry-api-events/1.28.0-alpha/c663155d53746308c8d2e37121b990c3a8de8d58/opentelemetry-api-events-1.28.0-alpha.jar:/Users/user/.gradle/caches/modules-2/files-2.1/io.opentelemetry/opentelemetry-extension-incubator/1.28.0-alpha/ad51d2ab228f522448afb90503ce005ce4a4f2ac/opentelemetry-extension-incubator-1.28.0-alpha.jar:/Users/user/.gradle/caches/modules-2/files-2.1/io.opentelemetry/opentelemetry-api/1.28.0/ebdea4fbe23c3929f1702b176d2cd63ac6288f0/opentelemetry-api-1.28.0.jar:/Users/user/.gradle/caches/modules-2/files-2.1/io.opentelemetry/opentelemetry-context/1.28.0/468c460d80c5a6e0fdddd3c1a83148b316571c22/opentelemetry-context-1.28.0.jar:/Users/user/.gradle/caches/modules-2/files-2.1/net.bytebuddy/byte-buddy/1.14.5/28a424c0c4f362568e904d992c239c996cf7adc7/byte-buddy-1.14.5.jar:/Users/user/.gradle/caches/modules-2/files-2.1/org.apache.httpcomponents.core5/httpcore5-h2/5.2/698bd8c759ccc7fd7398f3179ff45d0e5a7ccc16/httpcore5-h2-5.2.jar:/Users/user/.gradle/caches/modules-2/files-2.1/org.apache.httpcomponents.core5/httpcore5/5.2/ab7d251b8dfa3f2878f1eefbcca0e1fc0ebeba27/httpcore5-5.2.jar:/Users/user/.gradle/caches/modules-2/files-2.1/dev.failsafe/failsafe/3.3.2/738a986f1f0e4b6c6a49d351dddc772d1378c5a8/failsafe-3.3.2.jar:/Users/user/.gradle/caches/modules-2/files-2.1/org.apache.commons/commons-exec/1.3/8dfb9facd0830a27b1b5f29f84593f0aeee7773b/commons-exec-1.3.jar
java.vm.vendor=Oracle Corporation
sun.arch.data.model=64
user.variant=
java.vendor.url=https://java.oracle.com/
user.timezone=Europe/Moscow
java.vm.specification.version=21
os.name=Mac OS X
user.country=RU
sun.java.launcher=SUN_STANDARD
sun.boot.library.path=/Users/user/Library/Java/JavaVirtualMachines/openjdk-21.0.1/Contents/Home/lib
sun.java.command=worker.org.gradle.process.internal.worker.GradleWorkerMain 'Gradle Test Executor 11'
http.nonProxyHosts=local|*.local|169.254/16|*.169.254/16
jdk.debug=release
allure.results.directory=/Users/user/IdeaProjects/Jenkins_qaGuru/build/allure-results
sun.cpu.endian=little
user.home=/Users/user
user.language=ru
java.specification.vendor=Oracle Corporation
org.gradle.native=false
java.version.date=2023-10-17
java.home=/Users/user/Library/Java/JavaVirtualMachines/openjdk-21.0.1/Contents/Home
file.separator=/
java.vm.compressedOopsMode=Zero based
line.separator=

java.vm.specification.vendor=Oracle Corporation
java.specification.name=Java Platform API Specification
apple.awt.application.name=GradleWorkerMain
sun.management.compiler=HotSpot 64-Bit Tiered Compilers
ftp.nonProxyHosts=local|*.local|169.254/16|*.169.254/16
java.runtime.version=21.0.1+12-29
user.name=user
stdout.encoding=UTF-8
path.separator=:
os.version=14.4
java.runtime.name=OpenJDK Runtime Environment
file.encoding=UTF-8
java.vm.name=OpenJDK 64-Bit Server VM
java.vendor.url.bug=https://bugreport.java.com/bugreport/
java.io.tmpdir=/var/folders/83/pr55gp8903b_m108j7f4l6nr0000gn/T/
java.version=21.0.1
user.dir=/Users/user/IdeaProjects/Jenkins_qaGuru
os.arch=aarch64
java.vm.specification.name=Java Virtual Machine Specification
org.gradle.internal.worker.tmpdir=/Users/user/IdeaProjects/Jenkins_qaGuru/build/tmp/test/work
native.encoding=UTF-8
java.library.path=/Users/user/Library/Java/Extensions:/Library/Java/Extensions:/Network/Library/Java/Extensions:/System/Library/Java/Extensions:/usr/lib/java:.
junit.jupiter.extensions.autodetection.enabled=true
java.vm.info=mixed mode, sharing
stderr.encoding=UTF-8
java.vendor=Oracle Corporation
java.vm.version=21.0.1+12-29
sun.io.unicode.encoding=UnicodeBig
socksNonProxyHosts=local|*.local|169.254/16|*.169.254/16
java.class.version=65.0
---- Command Line ---
Empty
---- Full Classpath ---
Empty
---- Compiler Messages ---
Empty
